mode: set
server/internal/emailutil/emailutil.go:5.33,8.2 2 1
server/internal/stringutil/stringutil.go:12.33,17.25 3 1
server/internal/stringutil/stringutil.go:26.2,26.20 1 1
server/internal/stringutil/stringutil.go:17.25,19.17 2 1
server/internal/stringutil/stringutil.go:23.3,24.21 2 1
server/internal/stringutil/stringutil.go:19.17,21.4 1 0
server/internal/stringutil/stringutil.go:29.27,31.2 1 1
server/internal/passwordutil/passwordutil.go:7.49,10.2 2 1
server/internal/passwordutil/passwordutil.go:12.66,14.2 1 0
server/internal/tokenutil/payload.go:21.91,23.16 2 1
server/internal/tokenutil/payload.go:27.2,34.21 2 1
server/internal/tokenutil/payload.go:23.16,25.3 1 0
server/internal/tokenutil/payload.go:37.39,38.41 1 1
server/internal/tokenutil/payload.go:41.2,41.12 1 1
server/internal/tokenutil/payload.go:38.41,40.3 1 1
server/internal/tokenutil/tokenutil.go:18.57,19.51 1 1
server/internal/tokenutil/tokenutil.go:23.2,28.19 2 1
server/internal/tokenutil/tokenutil.go:19.51,21.3 1 0
server/internal/tokenutil/tokenutil.go:31.121,33.16 2 1
server/internal/tokenutil/tokenutil.go:36.2,37.28 2 1
server/internal/tokenutil/tokenutil.go:33.16,35.3 1 0
server/internal/tokenutil/tokenutil.go:40.71,44.16 3 1
server/internal/tokenutil/tokenutil.go:48.2,49.16 2 1
server/internal/tokenutil/tokenutil.go:53.2,53.21 1 1
server/internal/tokenutil/tokenutil.go:44.16,46.3 1 0
server/internal/tokenutil/tokenutil.go:49.16,51.3 1 1
server/internal/tokenutil/tokenutil.go:56.56,59.2 2 0
server/repository/classroom_repository.go:16.72,20.2 1 1
server/repository/classroom_repository.go:22.98,25.2 2 1
server/repository/classroom_repository.go:27.99,29.2 1 0
server/repository/classroom_repository.go:31.99,33.2 1 0
server/repository/classroom_repository.go:35.108,37.2 1 0
server/repository/classroom_repository.go:39.140,41.2 1 0
server/repository/classroom_repository.go:43.119,46.2 2 0
server/repository/classroom_repository.go:48.133,51.2 2 0
server/repository/classroom_repository.go:53.125,56.2 2 0
server/repository/classroom_repository.go:58.119,61.2 2 0
server/repository/classroom_repository.go:63.125,66.2 2 0
server/repository/classroom_repository.go:68.131,71.2 2 0
server/repository/classroom_repository.go:73.78,76.2 2 0
server/repository/user_repository.go:16.62,20.2 1 1
server/repository/user_repository.go:22.91,25.2 2 1
server/repository/user_repository.go:27.89,30.2 2 1
server/repository/user_repository.go:32.89,35.2 2 1
server/repository/user_repository.go:37.98,40.2 2 1
server/repository/user_repository.go:42.103,45.2 2 1
server/repository/user_repository.go:47.101,50.2 2 1
server/repository/user_repository.go:52.107,55.2 2 1
server/repository/user_repository.go:57.73,60.2 2 1
